[03:35:13] [main/INFO]: Loading Minecraft 1.20.1 with Fabric Loader 0.16.3
[03:35:15] [ForkJoinPool-1-worker-1/WARN]: Mod getittogetherdrops uses the version fabric-1.20-1.3.1 which isn't compatible with Loader's extended semantic version format (Could not parse version number component 'fabric'!), SemVer is recommended for reliably evaluating dependencies and prioritizing newer version
[03:35:16] [ForkJoinPool-1-worker-4/WARN]: Mod tectonic uses the version 2.4.1b which isn't compatible with Loader's extended semantic version format (Could not parse version number component '1b'!), SemVer is recommended for reliably evaluating dependencies and prioritizing newer version
[03:35:16] [main/INFO]: Loading 128 mods:
	- antixray 1.4.6
	   \-- com_moandjiezana_toml_toml4j 0.7.2
	- autocrafter 1.0.11
	   \-- polymer-core 0.5.0-rc.2+1.20-rc1
	        |-- polymer-networking 0.5.0-rc.2+1.20-rc1
	        |    \-- polymer-common 0.5.0-rc.2+1.20-rc1
	        |         \-- packet_tweaker 0.4.0+1.19.4
	        \-- polymer-registry-sync-manipulator 0.5.0-rc.2+1.20-rc1
	- betterdeserttemples 1.20-Fabric-3.0.3
	   \-- org_reflections_reflections 0.10.2
	- betterdungeons 1.20-Fabric-4.0.4
	- betterfortresses 1.20-Fabric-2.0.6
	- betterjungletemples 1.20-Fabric-2.0.5
	- bettermineshafts 1.20-Fabric-4.0.4
	- betteroceanmonuments 1.20-Fabric-3.0.4
	- betterstrongholds 1.20-Fabric-4.0.3
	- betterwitchhuts 1.20-Fabric-3.0.3
	- bigendcitiesmod 1.20.1-1.0.4
	- biomespawnpoint 2.3
	- blossom-back 2.1.1+1.20
	- blossom-homes 2.2.1+1.20
	- blossom-lib 2.5.4+1.20
	   \-- server_translations_api 2.0.0+1.20
	        \-- packet_tweaker 0.4.0+1.19.4
	- blossom-tpa 2.2.1+1.20
	- blossom-warps 2.0.5+1.20
	- c2me 0.2.0+alpha.11.8
	   |-- c2me-base 0.2.0+alpha.11.8
	   |-- c2me-client-uncapvd 0.2.0+alpha.11.8
	   |-- c2me-fixes-chunkio-threading-issues 0.2.0+alpha.11.8
	   |-- c2me-fixes-general-threading-issues 0.2.0+alpha.11.8
	   |-- c2me-fixes-worldgen-threading-issues 0.2.0+alpha.11.8
	   |-- c2me-fixes-worldgen-vanilla-bugs 0.2.0+alpha.11.8
	   |-- c2me-notickvd 0.2.0+alpha.11.8
	   |-- c2me-opts-allocs 0.2.0+alpha.11.8
	   |-- c2me-opts-chunk-access 0.2.0+alpha.11.8
	   |-- c2me-opts-chunkio 0.2.0+alpha.11.8
	   |-- c2me-opts-math 0.2.0+alpha.11.8
	   |-- c2me-opts-scheduling 0.2.0+alpha.11.8
	   |-- c2me-opts-worldgen-general 0.2.0+alpha.11.8
	   |-- c2me-opts-worldgen-vanilla 0.2.0+alpha.11.8
	   |-- c2me-rewrites-chunk-serializer 0.2.0+alpha.11.8
	   |-- c2me-rewrites-chunkio 0.2.0+alpha.11.8
	   |-- c2me-server-utils 0.2.0+alpha.11.8
	   |-- c2me-threading-chunkio 0.2.0+alpha.11.8
	   |-- c2me-threading-lighting 0.2.0+alpha.11.8
	   |-- c2me-threading-worldgen 0.2.0+alpha.11.8
	   |-- com_electronwill_night-config_core 3.6.5
	   |-- com_electronwill_night-config_toml 3.6.5
	   |-- com_ibm_async_asyncutil 0.1.0
	   |-- net_objecthunter_exp4j 0.4.8
	   \-- org_threadly_threadly 7.0
	- cloth-config 11.1.118
	   \-- cloth-basic-math 0.6.1
	- collective 7.87
	- combatlog 2.0
	- entityculling 1.6.6
	- extendedbonemeal 3.5
	- fabric-api 0.92.2+1.20.1
	   |-- fabric-api-base 0.4.31+1802ada577
	   |-- fabric-api-lookup-api-v1 1.6.36+1802ada577
	   |-- fabric-biome-api-v1 13.0.13+1802ada577
	   |-- fabric-block-api-v1 1.0.11+1802ada577
	   |-- fabric-block-view-api-v2 1.0.1+1802ada577
	   |-- fabric-blockrenderlayer-v1 1.1.41+1802ada577
	   |-- fabric-client-tags-api-v1 1.1.2+1802ada577
	   |-- fabric-command-api-v1 1.2.34+f71b366f77
	   |-- fabric-command-api-v2 2.2.13+1802ada577
	   |-- fabric-commands-v0 0.2.51+df3654b377
	   |-- fabric-containers-v0 0.1.64+df3654b377
	   |-- fabric-content-registries-v0 4.0.11+1802ada577
	   |-- fabric-convention-tags-v1 1.5.5+1802ada577
	   |-- fabric-crash-report-info-v1 0.2.19+1802ada577
	   |-- fabric-data-attachment-api-v1 1.0.0+de0fd6d177
	   |-- fabric-data-generation-api-v1 12.3.4+1802ada577
	   |-- fabric-dimensions-v1 2.1.54+1802ada577
	   |-- fabric-entity-events-v1 1.6.0+1c78457f77
	   |-- fabric-events-interaction-v0 0.6.2+1802ada577
	   |-- fabric-events-lifecycle-v0 0.2.63+df3654b377
	   |-- fabric-game-rule-api-v1 1.0.40+1802ada577
	   |-- fabric-item-api-v1 2.1.28+1802ada577
	   |-- fabric-item-group-api-v1 4.0.12+1802ada577
	   |-- fabric-key-binding-api-v1 1.0.37+1802ada577
	   |-- fabric-keybindings-v0 0.2.35+df3654b377
	   |-- fabric-lifecycle-events-v1 2.2.22+1802ada577
	   |-- fabric-loot-api-v2 1.2.1+1802ada577
	   |-- fabric-loot-tables-v1 1.1.45+9e7660c677
	   |-- fabric-message-api-v1 5.1.9+1802ada577
	   |-- fabric-mining-level-api-v1 2.1.50+1802ada577
	   |-- fabric-model-loading-api-v1 1.0.3+1802ada577
	   |-- fabric-models-v0 0.4.2+9386d8a777
	   |-- fabric-networking-api-v1 1.3.11+1802ada577
	   |-- fabric-networking-v0 0.3.51+df3654b377
	   |-- fabric-object-builder-api-v1 11.1.3+1802ada577
	   |-- fabric-particles-v1 1.1.2+1802ada577
	   |-- fabric-recipe-api-v1 1.0.21+1802ada577
	   |-- fabric-registry-sync-v0 2.3.3+1802ada577
	   |-- fabric-renderer-api-v1 3.2.1+1802ada577
	   |-- fabric-renderer-indigo 1.5.2+85287f9f77
	   |-- fabric-renderer-registries-v1 3.2.46+df3654b377
	   |-- fabric-rendering-data-attachment-v1 0.3.37+92a0d36777
	   |-- fabric-rendering-fluids-v1 3.0.28+1802ada577
	   |-- fabric-rendering-v0 1.1.49+df3654b377
	   |-- fabric-rendering-v1 3.0.8+1802ada577
	   |-- fabric-resource-conditions-api-v1 2.3.8+1802ada577
	   |-- fabric-resource-loader-v0 0.11.10+1802ada577
	   |-- fabric-screen-api-v1 2.0.8+1802ada577
	   |-- fabric-screen-handler-api-v1 1.3.30+1802ada577
	   |-- fabric-sound-api-v1 1.0.13+1802ada577
	   |-- fabric-transfer-api-v1 3.3.5+8dd72ea377
	   \-- fabric-transitive-access-wideners-v1 4.3.1+1802ada577
	- fabricloader 0.16.3
	   \-- mixinextras 0.4.1
	- ferritecore 6.0.1
	- firespreadtweaks 2.7
	- fixedanvilrepaircost 3.4
	- forgeconfigapiport 8.0.1
	- getittogetherdrops fabric-1.20-1.3.1
	- healingcampfire 6.1
	- incendium 5.3.5
	- inventorytotem 3.3
	- java 17
	- leavesbegone 8.0.0
	- lithium 0.11.2
	- minecraft 1.20.1
	- modernfix 5.18.10+mc1.20.1
	- mr_nonetherite 1-v3.0.1
	- nochatreports 1.20.1-v2.2.2
	   |-- fabric-rendering-v1 3.0.6+b3afc78b82
	   \-- fabric-screen-api-v1 2.0.6+b3afc78b82
	- noisium 2.0.3+mc1.20-1.20.1
	- puzzleslib 8.1.25
	   \-- puzzlesaccessapi 8.0.7
	- respawningshulkers 4.0
	- revamped_shipwrecks 1.0.1
	- shulkerdropstwo 3.4
	- tectonic 2.4.1b
	- terralith 2.5.4
	- threadtweak 1.20.2-0.1.1
	- trade_cycling 1.20.1-1.0.7
	   |-- fabric-key-binding-api-v1 1.0.36+fb8d95da82
	   \-- fabric-screen-api-v1 2.0.6+b3afc78b82
	- vmp 0.2.0+beta.7.102
	- yungsapi 1.20-Fabric-4.0.5
	   \-- org_javassist_javassist 3.29.2-GA
	- yungsbridges 1.20-Fabric-4.0.3
	- zombievillagersfromspawner 3.9
[03:35:16] [main/INFO]: SpongePowered MIXIN Subsystem Version=0.8.7 Source=file:/workspaces/NewServer-/servidor_minecraft/libraries/net/fabricmc/sponge-mixin/0.15.2+mixin.0.8.7/sponge-mixin-0.15.2+mixin.0.8.7.jar Service=Knot/Fabric Env=SERVER
[03:35:17] [main/INFO]: Compatibility level set to JAVA_17
[03:35:17] [main/INFO]: Initializing com.ishland.c2me.base.mixin
[03:35:17] [main/INFO]: Initializing com.ishland.c2me.fixes.chunkio.threading_issues.mixin
[03:35:17] [main/INFO]: Initializing com.ishland.c2me.fixes.general.threading_issues.mixin
[03:35:17] [main/INFO]: Initializing com.ishland.c2me.fixes.worldgen.threading_issues.mixin
[03:35:17] [main/INFO]: Initializing com.ishland.c2me.fixes.worldgen.vanilla_bugs.mixin
[03:35:17] [main/INFO]: Initializing com.ishland.c2me.notickvd.mixin
[03:35:17] [main/INFO]: Initializing com.ishland.c2me.opts.allocs.mixin
[03:35:17] [main/INFO]: Initializing com.ishland.c2me.opts.chunk_access.mixin
[03:35:17] [main/INFO]: Initializing com.ishland.c2me.opts.chunkio.mixin
[03:35:17] [main/INFO]: Initializing com.ishland.c2me.opts.math.mixin
[03:35:17] [main/INFO]: Initializing com.ishland.c2me.opts.scheduling.mixin
[03:35:17] [main/INFO]: Initializing com.ishland.c2me.opts.worldgen.general.mixin
[03:35:17] [main/INFO]: Initializing com.ishland.c2me.opts.worldgen.vanilla.mixin
[03:35:17] [main/INFO]: Initializing com.ishland.c2me.rewrites.chunk_serializer.mixin
[03:35:17] [main/INFO]: Disabling com.ishland.c2me.rewrites.chunk_serializer.mixin
[03:35:17] [main/INFO]: Initializing com.ishland.c2me.rewrites.chunkio.mixin
[03:35:17] [main/INFO]: Disabling com.ishland.c2me.rewrites.chunkio.mixin
[03:35:17] [main/INFO]: Initializing com.ishland.c2me.server.utils.mixin
[03:35:17] [main/INFO]: Initializing com.ishland.c2me.threading.chunkio.mixin
[03:35:17] [main/INFO]: Initializing com.ishland.c2me.threading.lighting.mixin
[03:35:17] [main/INFO]: Initializing com.ishland.c2me.threading.worldgen.mixin
[03:35:17] [main/INFO]: Disabling com.ishland.c2me.threading.worldgen.mixin
[03:35:17] [main/WARN]: Reference map 'combatlog-fabric-refmap.json' for fabric-combatlog.mixins.json could not be read. If this is a development environment you can ignore this message
[03:35:18] [main/INFO]: Loaded configuration file for Lithium: 115 options available, 2 override(s) found
[03:35:18] [main/INFO]: Loaded configuration file for ModernFix 5.18.10+mc1.20.1: 60 options available, 5 override(s) found
[03:35:18] [main/WARN]: Option 'mixin.bugfix.paper_chunk_patches' overriden (by mods [c2me]) to 'false'
[03:35:18] [main/WARN]: Option 'mixin.perf.cache_strongholds' overriden (by mods [c2me]) to 'false'
[03:35:18] [main/WARN]: Option 'mixin.perf.nbt_memory_usage' overriden (by mods [c2me]) to 'false'
[03:35:18] [main/WARN]: Option 'mixin.bugfix.chunk_deadlock' overriden (by mods [c2me]) to 'false'
[03:35:18] [main/WARN]: Option 'mixin.perf.thread_priorities' overriden (by mods [threadtweak]) to 'false'
[03:35:18] [main/INFO]: Applying Nashorn fix
[03:35:18] [main/INFO]: Successfully started async appender with [ServerGuiConsole, SysOut, File]
[03:35:19] [main/WARN]: Force-disabling mixin 'alloc.blockstate.StateMixin' as rule 'mixin.alloc.blockstate' (added by mods [ferritecore]) disables it and children
[03:35:19] [main/WARN]: Force-disabling mixin 'world.player_chunk_tick.ThreadedAnvilChunkStorageMixin' as rule 'mixin.world.player_chunk_tick' (added by mods [c2me, vmp]) disables it and children
[03:35:20] [main/INFO]: Initializing MixinExtras via com.llamalad7.mixinextras.service.MixinExtrasServiceImpl(version=0.4.1).
[03:35:20] [main/INFO]: ThreadTweak config initialized
[03:35:20] [main/INFO]: Mixing common.MixinFriendlyByteBuf from mixins/common/nochatreports.mixins.json into net.minecraft.class_2540
[03:35:20] [main/INFO]: Renaming synthetic method lambda$onWriteJsonWithCodec$1(Ljava/lang/Object;Ljava/lang/String;)Lio/netty/handler/codec/EncoderException; to md180a11$nochatreports$lambda$onWriteJsonWithCodec$1$0 in mixins/common/nochatreports.mixins.json:common.MixinFriendlyByteBuf from mod nochatreports
[03:35:20] [main/INFO]: Renaming synthetic method lambda$onReadJsonWithCodec$0(Ljava/lang/String;)Lio/netty/handler/codec/DecoderException; to md180a11$nochatreports$lambda$onReadJsonWithCodec$0$1 in mixins/common/nochatreports.mixins.json:common.MixinFriendlyByteBuf from mod nochatreports
[03:35:23] [main/INFO]: Injecting BlockStateBase cache population hook into getNeighborPathNodeType from me.jellysquid.mods.lithium.mixin.ai.pathing.AbstractBlockStateMixin
[03:35:23] [main/INFO]: Injecting BlockStateBase cache population hook into getPathNodeType from me.jellysquid.mods.lithium.mixin.ai.pathing.AbstractBlockStateMixin
[03:35:23] [main/INFO]: Injecting BlockStateBase cache population hook into getAllFlags from me.jellysquid.mods.lithium.mixin.util.block_tracking.AbstractBlockStateMixin
[03:35:25] [main/INFO]: Mixing server.MixinServerGamePacketListenerImpl from mixins/common/nochatreports.mixins.json into net.minecraft.class_3244
[03:35:26] [main/WARN]: Method overwrite conflict for method_21740 in modernfix-common.mixins.json:perf.remove_biome_temperature_cache.BiomeMixin from mod modernfix, previously written by me.jellysquid.mods.lithium.mixin.world.temperature_cache.BiomeMixin. Skipping method.
[03:35:26] [main/INFO]: Vanilla bootstrap took 5701 milliseconds
[03:35:26] [main/INFO]: Successfully initialized antixray for fabric
[03:35:26] [main/INFO]: Reflections took 62 ms to scan 1 urls, producing 1 keys and 2 values
[03:35:26] [main/INFO]: Reflections took 4 ms to scan 1 urls, producing 1 keys and 2 values
[03:35:26] [main/INFO]: Reflections took 9 ms to scan 1 urls, producing 1 keys and 3 values
[03:35:26] [main/INFO]: Reflections took 4 ms to scan 1 urls, producing 1 keys and 3 values
[03:35:26] [main/INFO]: Reflections took 2 ms to scan 1 urls, producing 1 keys and 1 values
[03:35:26] [main/INFO]: Reflections took 4 ms to scan 1 urls, producing 1 keys and 1 values
[03:35:26] [main/INFO]: Reflections took 2 ms to scan 1 urls, producing 1 keys and 3 values
[03:35:26] [main/INFO]: Reflections took 2 ms to scan 1 urls, producing 1 keys and 3 values
[03:35:26] [main/INFO]: Reflections took 8 ms to scan 1 urls, producing 1 keys and 2 values
[03:35:26] [main/INFO]: Reflections took 1 ms to scan 1 urls, producing 1 keys and 2 values
[03:35:26] [main/INFO]: Reflections took 2 ms to scan 1 urls, producing 1 keys and 1 values
[03:35:26] [main/INFO]: Reflections took 1 ms to scan 1 urls, producing 1 keys and 1 values
[03:35:26] [main/INFO]: Reflections took 3 ms to scan 1 urls, producing 1 keys and 2 values
[03:35:26] [main/INFO]: Reflections took 1 ms to scan 1 urls, producing 1 keys and 2 values
[03:35:26] [main/WARN]: WARNING: block Block{minecraft:iron_ore} added to BlockStateRandomizer exceeds max probabiltiy of 1!
[03:35:27] [main/INFO]: Reflections took 1 ms to scan 1 urls, producing 1 keys and 1 values
[03:35:27] [main/INFO]: Reflections took 1 ms to scan 1 urls, producing 1 keys and 1 values
[03:35:27] [main/INFO]: [STDOUT]: All 6 have been set properly
[03:35:27] [main/INFO]: Loading Collective version 7.87.
[03:35:27] [main/INFO]: Constructing common components for leavesbegone:main
[03:35:27] [main/INFO]: KONNICHIWA ZA WARUDO!
[03:35:27] [main/INFO]: Default JVM text encoding is: UTF-8
[03:35:27] [main/INFO]: Reading config file NoChatReports/NCR-Common.json...
[03:35:27] [main/INFO]: Writing config file NoChatReports/NCR-Common.json...
[03:35:27] [main/INFO]: Loading Noisium.
[03:35:28] [main/INFO]: Constructing common components for puzzleslib:main
[03:35:28] [main/INFO]: Mixing server.MixinServerboundChatSessionUpdatePacket from mixins/common/nochatreports.mixins.json into net.minecraft.class_7861
[03:35:28] [main/INFO]: Mixing server.MixinServerboundChatCommandPacket from mixins/common/nochatreports.mixins.json into net.minecraft.class_7472
[03:35:28] [main/INFO]: Mixing server.MixinServerboundChatPacket from mixins/common/nochatreports.mixins.json into net.minecraft.class_2797
[03:35:28] [main/INFO]: Reflections took 4 ms to scan 1 urls, producing 1 keys and 4 values
[03:35:28] [main/INFO]: Reflections took 4 ms to scan 1 urls, producing 1 keys and 4 values
[03:35:28] [main/INFO]: Reflections took 1 ms to scan 1 urls, producing 1 keys and 2 values
[03:35:28] [main/INFO]: Reflections took 1 ms to scan 1 urls, producing 1 keys and 2 values
[03:35:28] [main/INFO]: Environment: authHost='https://authserver.mojang.com', accountsHost='https://api.mojang.com', sessionHost='https://sessionserver.mojang.com', servicesHost='https://api.minecraftservices.com', name='PROD'
[03:35:28] [main/INFO]: Bypassed Mojang DFU
[03:35:33] [Worker-Main-2/ERROR]: Invalid path in mod resource-pack mr_nonetherite: cootshk:recipes/noLeggings.json, ignoring
[03:35:33] [Worker-Main-2/ERROR]: Invalid path in mod resource-pack mr_nonetherite: cootshk:recipes/noHelmet.json, ignoring
[03:35:33] [Worker-Main-2/ERROR]: Invalid path in mod resource-pack mr_nonetherite: cootshk:recipes/noAxe.json, ignoring
[03:35:33] [Worker-Main-2/ERROR]: Invalid path in mod resource-pack mr_nonetherite: cootshk:recipes/noHoe.json, ignoring
[03:35:33] [Worker-Main-2/ERROR]: Invalid path in mod resource-pack mr_nonetherite: cootshk:recipes/noShovel.json, ignoring
[03:35:33] [Worker-Main-2/ERROR]: Invalid path in mod resource-pack mr_nonetherite: cootshk:recipes/noPickaxe.json, ignoring
[03:35:33] [Worker-Main-2/ERROR]: Invalid path in mod resource-pack mr_nonetherite: cootshk:recipes/noBoots.json, ignoring
[03:35:33] [Worker-Main-2/ERROR]: Invalid path in mod resource-pack mr_nonetherite: cootshk:recipes/noSword.json, ignoring
[03:35:33] [Worker-Main-2/ERROR]: Invalid path in mod resource-pack mr_nonetherite: cootshk:recipes/noChestplate.json, ignoring
[03:35:34] [main/INFO]: Loaded 7 recipes
[03:35:34] [main/INFO]: Loaded 1359 advancements
[03:35:34] [ForkJoinPool.commonPool-worker-1/INFO]: Loaded 91 translation keys
[03:35:34] [main/INFO]: Mixing server.MixinDedicatedServer from mixins/common/nochatreports.mixins.json into net.minecraft.class_3176
[03:35:34] [main/INFO]: Mixing server.MixinPlayerList from mixins/common/nochatreports.mixins.json into net.minecraft.class_3324
[03:35:34] [main/INFO]: Applied 301 biome modifications to 152 of 171 new biomes in 33.36 ms
[03:35:34] [Server thread/INFO]: Loading server config for leavesbegone
[03:35:34] [Thread-2/INFO]: Reloading server config for leavesbegone
[03:35:34] [Thread-2/INFO]: Reloading server config for leavesbegone
[03:35:35] [Server thread/INFO]: Starting minecraft server version 1.20.1
[03:35:35] [Server thread/INFO]: Loading properties
[03:35:35] [Server thread/INFO]: Default game type: SURVIVAL
[03:35:35] [Server thread/INFO]: Generating keypair
[03:35:35] [Server thread/INFO]: Starting Minecraft server on *:25565
[03:35:35] [Server thread/INFO]: Using epoll channel type
[03:35:35] [Server thread/WARN]: **** SERVER IS RUNNING IN OFFLINE/INSECURE MODE!
[03:35:35] [Server thread/WARN]: The server will make no attempt to authenticate usernames. Beware.
[03:35:35] [Server thread/WARN]: While this makes the game possible to play without internet access, it also opens up the ability for hackers to connect with any username they choose.
[03:35:35] [Server thread/WARN]: To change this, set "online-mode" to "true" in the server.properties file.
[03:35:35] [Server thread/INFO]: Preparing level "world"
[03:35:35] [Server thread/INFO]: Enforcing safe world random access
[03:35:36] [Server thread/INFO]: Changing watch distance to 20
[03:35:42] [Server thread/INFO]: Changing watch distance to 20
[03:35:42] [Server thread/INFO]: Changing watch distance to 20
[03:35:42] [Server thread/INFO]: Preparing start region for dimension minecraft:overworld
[03:35:42] [Worker-Main-2/INFO]: Preparing spawn area: 0%
[03:35:42] [Worker-Main-1/INFO]: Preparing spawn area: 0%
[03:35:43] [Worker-Main-2/INFO]: Preparing spawn area: 0%
[03:35:43] [Worker-Main-1/INFO]: Preparing spawn area: 0%
[03:35:44] [Worker-Main-1/INFO]: Preparing spawn area: 0%
[03:35:44] [Worker-Main-2/INFO]: Preparing spawn area: 0%
[03:35:45] [Worker-Main-3/INFO]: Preparing spawn area: 0%
[03:35:45] [Worker-Main-3/INFO]: Preparing spawn area: 0%
[03:35:46] [Worker-Main-1/INFO]: Preparing spawn area: 0%
[03:35:46] [Worker-Main-3/INFO]: Preparing spawn area: 0%
[03:35:47] [Worker-Main-1/INFO]: Preparing spawn area: 0%
[03:35:47] [Worker-Main-1/INFO]: Preparing spawn area: 0%
[03:35:48] [Worker-Main-3/INFO]: Preparing spawn area: 0%
[03:35:48] [Worker-Main-3/INFO]: Preparing spawn area: 1%
[03:35:49] [Worker-Main-2/INFO]: Preparing spawn area: 5%
[03:35:49] [Worker-Main-1/INFO]: Preparing spawn area: 9%
[03:35:50] [Worker-Main-3/INFO]: Preparing spawn area: 15%
[03:35:50] [Worker-Main-3/INFO]: Preparing spawn area: 22%
[03:35:51] [Worker-Main-1/INFO]: Preparing spawn area: 36%
[03:35:51] [Worker-Main-1/INFO]: Preparing spawn area: 48%
[03:35:52] [Worker-Main-3/INFO]: Preparing spawn area: 62%
[03:35:52] [Worker-Main-2/INFO]: Preparing spawn area: 75%
[03:35:53] [Worker-Main-3/INFO]: Preparing spawn area: 87%
[03:35:53] [Server thread/INFO]: Time elapsed: 11488 ms
[03:35:53] [Server thread/INFO]: Done (18.245s)! For help, type "help"
[03:35:53] [Server thread/WARN]: Dedicated server took 47.318 seconds to load
[03:35:53] [Server thread/INFO]: Mixing common.MixinServerStatus from mixins/common/nochatreports.mixins.json into net.minecraft.class_2926
[03:35:54] [Server thread/INFO]: Myaye[/100.115.245.128:54028] logged in with entity id 51 at (-288.87071763399035, -23.0, -1052.9696786873044)
[03:35:54] [Server thread/INFO]: Myaye joined the game
[03:35:56] [Server thread/INFO]: Async chunk loading for player Myaye completed
[03:36:01] [Server thread/WARN]: Can't keep up! Is the server overloaded? Running 2009ms or 40 ticks behind
[03:36:43] [Server thread/INFO]: ItzBl4nk[/100.84.9.19:53014] logged in with entity id 955 at (4081.699999988079, 67.0, 678.2143589272048)
[03:36:43] [Server thread/INFO]: ItzBl4nk joined the game
[03:36:44] [Server thread/INFO]: Async chunk loading for player ItzBl4nk completed
[03:36:51] [Server thread/INFO]: Jpegtf[/100.121.20.3:51694] logged in with entity id 1316 at (4970.300000011921, 98.41999998688698, -879.3704725843662)
[03:36:51] [Server thread/INFO]: Jpegtf joined the game
[03:36:53] [Server thread/INFO]: Async chunk loading for player Jpegtf completed
[03:37:39] [Server thread/INFO]: Myaye has made the advancement [Cover Me with Diamonds]
[03:39:34] [Server thread/INFO]: trimpy[/100.65.135.17:51522] logged in with entity id 5543 at (4971.48945630718, 97.0, -884.7927895443371)
[03:39:34] [Server thread/INFO]: trimpy joined the game
[03:39:34] [Server thread/INFO]: Async chunk loading for player trimpy completed
[03:39:47] [Server thread/INFO]: <Jpegtf> trimp vc?
[03:39:52] [Server thread/INFO]: <trimpy> hold
[03:40:01] [Server thread/INFO]: <Jpegtf> get some armor
[03:40:10] [Server thread/INFO]: <Jpegtf> get sticks and trade w villagers
[03:40:52] [Server thread/INFO]: trimpy has made the advancement [Suit Up]
[03:40:58] [Server thread/WARN]: Can't keep up! Is the server overloaded? Running 2632ms or 52 ticks behind
[03:41:46] [Server thread/INFO]: trimpy has made the advancement [Isn't It Iron Pick]
[03:42:03] [Server thread/WARN]: Myaye moved too quickly! -5291.279488953053,-10.4375,-68.19226550191286
[03:43:15] [Server thread/INFO]: trimpy has made the advancement [Not Today, Thank You]
[03:43:16] [Server thread/INFO]: <Jpegtf> 41
[03:43:19] [Server thread/INFO]: trimpy has made the advancement [Monster Hunter]
[03:43:29] [Server thread/INFO]: <Jpegtf> if u want to count the tradin villagers its 52
[03:46:27] [Server thread/INFO]: Myaye has made the advancement [Hot Stuff]
[03:46:38] [Server thread/INFO]: icyspxy[/100.114.248.52:63713] logged in with entity id 24562 at (5072.300000011921, 146.0, -97.69946989076391)
[03:46:38] [Server thread/INFO]: icyspxy joined the game
[03:46:40] [Server thread/INFO]: Async chunk loading for player icyspxy completed
[03:49:20] [Server thread/INFO]: Myaye has made the advancement [Ice Bucket Challenge]
[03:50:27] [Server thread/INFO]: trimpy has made the advancement [Stone Age]
[03:51:52] [Server thread/INFO]: Megam1[/100.96.63.92:62734] logged in with entity id 40138 at (4964.566570683632, 99.0, -905.2435141260341)
[03:51:52] [Server thread/INFO]: Megam1 joined the game
[03:51:52] [Server thread/INFO]: Async chunk loading for player Megam1 completed
[03:53:23] [Server thread/INFO]: <Megam1> lag
[03:54:44] [Server thread/INFO]: <icyspxy> nigga
[03:54:49] [Server thread/INFO]: <icyspxy> stop sleeping i need rotten flesh
[04:00:02] [Server thread/INFO]: <Megam1> string farm wont work
[04:01:00] [Server thread/WARN]: icyspxy moved too quickly! -0.40952733181711665,1.0013359791121488,-10.221107640123194
[04:01:00] [Server thread/WARN]: Can't keep up! Is the server overloaded? Running 2563ms or 51 ticks behind
[04:08:09] [Server thread/INFO]: Megam1 has made the advancement [Diamonds!]
[04:08:20] [Server thread/INFO]: <Megam1> trading
[04:12:22] [Server thread/INFO]: trimpy has made the advancement [Acquire Hardware]
[04:14:23] [Server thread/INFO]: ItzBl4nk lost connection: Disconnected
[04:14:23] [Server thread/INFO]: ItzBl4nk left the game
[04:16:50] [Server thread/INFO]: <Megam1> icy
[04:16:53] [Server thread/INFO]: <Megam1> did you set up warps yet
[04:17:04] [Server thread/INFO]: <Megam1> I need it
[04:17:07] [Server thread/INFO]: <Megam1> set it up pls
[04:17:27] [Server thread/INFO]: <Megam1> chat
